This file contains any messages produced by compilers while
running configure, to aid debugging if configure makes a mistake.

It was created by hanoi configure 0.1, which was
generated by GNU Autoconf 2.71.  Invocation command line was

  $ ../configure

## --------- ##
## Platform. ##
## --------- ##

hostname = milaptop
uname -m = x86_64
uname -r = 6.1.0-20-amd64
uname -s = Linux
uname -v = #1 SMP PREEMPT_DYNAMIC Debian 6.1.85-1 (2024-04-11)

/usr/bin/uname -p = unknown
/bin/uname -X     = unknown

/bin/arch              = x86_64
/usr/bin/arch -k       = unknown
/usr/convex/getsysinfo = unknown
/usr/bin/hostinfo      = unknown
/bin/machine           = unknown
/usr/bin/oslevel       = unknown
/bin/universe          = unknown

PATH: /usr/local/bin/
PATH: /usr/bin/
PATH: /bin/
PATH: /usr/local/games/
PATH: /usr/games/
PATH: /opt/bin/
PATH: /snap/bin/
PATH: /usr/local/go/bin/


## ----------- ##
## Core tests. ##
## ----------- ##

configure:2098: looking for aux files: missing install-sh compile
configure:2111:  trying ../
configure:2140:   ../missing found
configure:2122:   ../install-sh found
configure:2140:   ../compile found
configure:2318: checking for gcc
configure:2339: found /usr/bin/gcc
configure:2350: result: gcc
configure:2703: checking for C compiler version
configure:2712: gcc --version >&5
gcc (Debian 12.2.0-14) 12.2.0
Copyright (C) 2022 Free Software Foundation, Inc.
This is free software; see the source for copying conditions.  There is NO
warranty; not even for MERCHANTABILITY or FITNESS FOR A PARTICULAR PURPOSE.

configure:2723: $? = 0
configure:2712: gcc -v >&5
Using built-in specs.
COLLECT_GCC=gcc
COLLECT_LTO_WRAPPER=/usr/lib/gcc/x86_64-linux-gnu/12/lto-wrapper
OFFLOAD_TARGET_NAMES=nvptx-none:amdgcn-amdhsa
OFFLOAD_TARGET_DEFAULT=1
Target: x86_64-linux-gnu
Configured with: ../src/configure -v --with-pkgversion='Debian 12.2.0-14' --with-bugurl=file:///usr/share/doc/gcc-12/README.Bugs --enable-languages=c,ada,c++,go,d,fortran,objc,obj-c++,m2 --prefix=/usr --with-gcc-major-version-only --program-suffix=-12 --program-prefix=x86_64-linux-gnu- --enable-shared --enable-linker-build-id --libexecdir=/usr/lib --without-included-gettext --enable-threads=posix --libdir=/usr/lib --enable-nls --enable-clocale=gnu --enable-libstdcxx-debug --enable-libstdcxx-time=yes --with-default-libstdcxx-abi=new --enable-gnu-unique-object --disable-vtable-verify --enable-plugin --enable-default-pie --with-system-zlib --enable-libphobos-checking=release --with-target-system-zlib=auto --enable-objc-gc=auto --enable-multiarch --disable-werror --enable-cet --with-arch-32=i686 --with-abi=m64 --with-multilib-list=m32,m64,mx32 --enable-multilib --with-tune=generic --enable-offload-targets=nvptx-none=/build/gcc-12-bTRWOB/gcc-12-12.2.0/debian/tmp-nvptx/usr,amdgcn-amdhsa=/build/gcc-12-bTRWOB/gcc-12-12.2.0/debian/tmp-gcn/usr --enable-offload-defaulted --without-cuda-driver --enable-checking=release --build=x86_64-linux-gnu --host=x86_64-linux-gnu --target=x86_64-linux-gnu
Thread model: posix
Supported LTO compression algorithms: zlib zstd
gcc version 12.2.0 (Debian 12.2.0-14) 
... rest of stderr output deleted ...
configure:2723: $? = 0
configure:2712: gcc -V >&5
gcc: error: unrecognized command-line option '-V'
gcc: fatal error: no input files
compilation terminated.
configure:2723: $? = 1
configure:2712: gcc -qversion >&5
gcc: error: unrecognized command-line option '-qversion'; did you mean '--version'?
gcc: fatal error: no input files
compilation terminated.
configure:2723: $? = 1
configure:2712: gcc -version >&5
gcc: error: unrecognized command-line option '-version'
gcc: fatal error: no input files
compilation terminated.
configure:2723: $? = 1
configure:2743: checking whether the C compiler works
configure:2765: gcc    conftest.c  >&5
configure:2769: $? = 0
configure:2819: result: yes
configure:2822: checking for C compiler default output file name
configure:2824: result: a.out
configure:2830: checking for suffix of executables
configure:2837: gcc -o conftest    conftest.c  >&5
configure:2841: $? = 0
configure:2864: result: 
configure:2886: checking whether we are cross compiling
configure:2894: gcc -o conftest    conftest.c  >&5
configure:2898: $? = 0
configure:2905: ./conftest
configure:2909: $? = 0
configure:2924: result: no
configure:2929: checking for suffix of object files
configure:2952: gcc -c   conftest.c >&5
configure:2956: $? = 0
configure:2978: result: o
configure:2982: checking whether the compiler supports GNU C
configure:3002: gcc -c   conftest.c >&5
configure:3002: $? = 0
configure:3012: result: yes
configure:3023: checking whether gcc accepts -g
configure:3044: gcc -c -g  conftest.c >&5
configure:3044: $? = 0
configure:3088: result: yes
configure:3108: checking for gcc option to enable C11 features
configure:3123: gcc  -c -g -O2  conftest.c >&5
configure:3123: $? = 0
configure:3141: result: none needed
configure:3262: checking whether gcc understands -c and -o together
configure:3285: gcc -c conftest.c -o conftest2.o
configure:3288: $? = 0
configure:3285: gcc -c conftest.c -o conftest2.o
configure:3288: $? = 0
configure:3300: result: yes
configure:3365: checking for ranlib
configure:3386: found /usr/bin/ranlib
configure:3397: result: ranlib
configure:3446: checking for a BSD-compatible install
configure:3519: result: /usr/bin/install -c
configure:3530: checking whether build environment is sane
configure:3585: result: yes
configure:3740: checking for a race-free mkdir -p
configure:3784: result: /usr/bin/mkdir -p
configure:3791: checking for gawk
configure:3812: found /usr/bin/gawk
configure:3823: result: gawk
configure:3834: checking whether make sets $(MAKE)
configure:3857: result: yes
configure:3879: checking whether make supports the include directive
configure:3894: make -f confmf.GNU && cat confinc.out
this is the am__doit target
configure:3897: $? = 0
configure:3916: result: yes (GNU style)
configure:3951: checking whether make supports nested variables
configure:3969: result: yes
configure:4050: checking dependency style of gcc
configure:4162: result: gcc3
configure:4347: checking that generated files are newer than configure
configure:4353: result: done
configure:4380: creating ./config.status

## ---------------------- ##
## Running config.status. ##
## ---------------------- ##

This file was extended by hanoi config.status 0.1, which was
generated by GNU Autoconf 2.71.  Invocation command line was

  CONFIG_FILES    = 
  CONFIG_HEADERS  = 
  CONFIG_LINKS    = 
  CONFIG_COMMANDS = 
  $ ./config.status 

on milaptop

config.status:839: creating Makefile
config.status:839: creating config.h
config.status:1005: config.h is unchanged
config.status:1053: executing depfiles commands
config.status:1130: cd .       && sed -e '/# am--include-marker/d' Makefile         | make -f - am--depfiles
make: Nothing to be done for 'am--depfiles'.
config.status:1135: $? = 0

## ---------------- ##
## Cache variables. ##
## ---------------- ##

ac_cv_c_compiler_gnu=yes
ac_cv_env_CC_set=
ac_cv_env_CC_value=
ac_cv_env_CFLAGS_set=
ac_cv_env_CFLAGS_value=
ac_cv_env_CPPFLAGS_set=
ac_cv_env_CPPFLAGS_value=
ac_cv_env_LDFLAGS_set=
ac_cv_env_LDFLAGS_value=
ac_cv_env_LIBS_set=
ac_cv_env_LIBS_value=
ac_cv_env_build_alias_set=
ac_cv_env_build_alias_value=
ac_cv_env_host_alias_set=
ac_cv_env_host_alias_value=
ac_cv_env_target_alias_set=
ac_cv_env_target_alias_value=
ac_cv_objext=o
ac_cv_path_install='/usr/bin/install -c'
ac_cv_path_mkdir=/usr/bin/mkdir
ac_cv_prog_AWK=gawk
ac_cv_prog_ac_ct_CC=gcc
ac_cv_prog_ac_ct_RANLIB=ranlib
ac_cv_prog_cc_c11=
ac_cv_prog_cc_g=yes
ac_cv_prog_cc_stdc=
ac_cv_prog_make_make_set=yes
am_cv_CC_dependencies_compiler_type=gcc3
am_cv_make_support_nested_variables=yes
am_cv_prog_cc_c_o=yes

## ----------------- ##
## Output variables. ##
## ----------------- ##

ACLOCAL='${SHELL} '\''/home/emanuel/Documents/linear_struct/hanoi/missing'\'' aclocal-1.16'
AMDEPBACKSLASH='\'
AMDEP_FALSE='#'
AMDEP_TRUE=''
AMTAR='$${TAR-tar}'
AM_BACKSLASH='\'
AM_DEFAULT_V='$(AM_DEFAULT_VERBOSITY)'
AM_DEFAULT_VERBOSITY='1'
AM_V='$(V)'
AUTOCONF='${SHELL} '\''/home/emanuel/Documents/linear_struct/hanoi/missing'\'' autoconf'
AUTOHEADER='${SHELL} '\''/home/emanuel/Documents/linear_struct/hanoi/missing'\'' autoheader'
AUTOMAKE='${SHELL} '\''/home/emanuel/Documents/linear_struct/hanoi/missing'\'' automake-1.16'
AWK='gawk'
CC='gcc'
CCDEPMODE='depmode=gcc3'
CFLAGS='-g -O2'
CPPFLAGS=''
CSCOPE='cscope'
CTAGS='ctags'
CYGPATH_W='echo'
DEFS='-DHAVE_CONFIG_H'
DEPDIR='.deps'
ECHO_C=''
ECHO_N='-n'
ECHO_T=''
ETAGS='etags'
EXEEXT=''
INSTALL_DATA='${INSTALL} -m 644'
INSTALL_PROGRAM='${INSTALL}'
INSTALL_SCRIPT='${INSTALL}'
INSTALL_STRIP_PROGRAM='$(install_sh) -c -s'
LDFLAGS=''
LIBOBJS=''
LIBS=''
LTLIBOBJS=''
MAKEINFO='${SHELL} '\''/home/emanuel/Documents/linear_struct/hanoi/missing'\'' makeinfo'
MKDIR_P='/usr/bin/mkdir -p'
OBJEXT='o'
PACKAGE='hanoi'
PACKAGE_BUGREPORT=''
PACKAGE_NAME='hanoi'
PACKAGE_STRING='hanoi 0.1'
PACKAGE_TARNAME='hanoi'
PACKAGE_URL=''
PACKAGE_VERSION='0.1'
PATH_SEPARATOR=':'
RANLIB='ranlib'
RANLIB_FALSE='#'
RANLIB_TRUE=''
SET_MAKE=''
SHELL='/bin/bash'
STRIP=''
VERSION='0.1'
ac_ct_CC='gcc'
am__EXEEXT_FALSE=''
am__EXEEXT_TRUE='#'
am__fastdepCC_FALSE='#'
am__fastdepCC_TRUE=''
am__include='include'
am__isrc=' -I$(srcdir)'
am__leading_dot='.'
am__nodep='_no'
am__quote=''
am__tar='$${TAR-tar} chof - "$$tardir"'
am__untar='$${TAR-tar} xf -'
bindir='${exec_prefix}/bin'
build_alias=''
datadir='${datarootdir}'
datarootdir='${prefix}/share'
docdir='${datarootdir}/doc/${PACKAGE_TARNAME}'
dvidir='${docdir}'
exec_prefix='${prefix}'
host_alias=''
htmldir='${docdir}'
includedir='${prefix}/include'
infodir='${datarootdir}/info'
install_sh='${SHELL} /home/emanuel/Documents/linear_struct/hanoi/install-sh'
libdir='${exec_prefix}/lib'
libexecdir='${exec_prefix}/libexec'
localedir='${datarootdir}/locale'
localstatedir='${prefix}/var'
mandir='${datarootdir}/man'
mkdir_p='$(MKDIR_P)'
oldincludedir='/usr/include'
pdfdir='${docdir}'
prefix='/usr/local'
program_transform_name='s,x,x,'
psdir='${docdir}'
runstatedir='${localstatedir}/run'
sbindir='${exec_prefix}/sbin'
sharedstatedir='${prefix}/com'
sysconfdir='${prefix}/etc'
target_alias=''

## ----------- ##
## confdefs.h. ##
## ----------- ##

/* confdefs.h */
#define PACKAGE_NAME "hanoi"
#define PACKAGE_TARNAME "hanoi"
#define PACKAGE_VERSION "0.1"
#define PACKAGE_STRING "hanoi 0.1"
#define PACKAGE_BUGREPORT ""
#define PACKAGE_URL ""
#define PACKAGE "hanoi"
#define VERSION "0.1"

configure: exit 0

## ---------------------- ##
## Running config.status. ##
## ---------------------- ##

This file was extended by hanoi config.status 0.1, which was
generated by GNU Autoconf 2.71.  Invocation command line was

  CONFIG_FILES    = 
  CONFIG_HEADERS  = 
  CONFIG_LINKS    = 
  CONFIG_COMMANDS = 
  $ ./config.status Makefile depfiles

on milaptop

config.status:839: creating Makefile
config.status:1053: executing depfiles commands
config.status:1130: cd .       && sed -e '/# am--include-marker/d' Makefile         | make -f - am--depfiles
make[1]: Entering directory '/home/emanuel/Documents/linear_struct/hanoi/build'
make[1]: Nothing to be done for 'am--depfiles'.
make[1]: Leaving directory '/home/emanuel/Documents/linear_struct/hanoi/build'
config.status:1135: $? = 0

## ---------------------- ##
## Running config.status. ##
## ---------------------- ##

This file was extended by hanoi config.status 0.1, which was
generated by GNU Autoconf 2.71.  Invocation command line was

  CONFIG_FILES    = 
  CONFIG_HEADERS  = 
  CONFIG_LINKS    = 
  CONFIG_COMMANDS = 
  $ ./config.status Makefile depfiles

on milaptop

config.status:839: creating Makefile
config.status:1053: executing depfiles commands
config.status:1130: cd .       && sed -e '/# am--include-marker/d' Makefile         | make -f - am--depfiles
make[1]: Entering directory '/home/emanuel/Documents/linear_struct/hanoi/build'
make[1]: Nothing to be done for 'am--depfiles'.
make[1]: Leaving directory '/home/emanuel/Documents/linear_struct/hanoi/build'
config.status:1135: $? = 0

## ---------------------- ##
## Running config.status. ##
## ---------------------- ##

This file was extended by hanoi config.status 0.1, which was
generated by GNU Autoconf 2.71.  Invocation command line was

  CONFIG_FILES    = 
  CONFIG_HEADERS  = 
  CONFIG_LINKS    = 
  CONFIG_COMMANDS = 
  $ ./config.status Makefile depfiles

on milaptop

config.status:839: creating Makefile
config.status:1053: executing depfiles commands
config.status:1130: cd .       && sed -e '/# am--include-marker/d' Makefile         | make -f - am--depfiles
make[1]: Entering directory '/home/emanuel/Documents/linear_struct/hanoi/build'
make[1]: Leaving directory '/home/emanuel/Documents/linear_struct/hanoi/build'
config.status:1135: $? = 0

## ---------------------- ##
## Running config.status. ##
## ---------------------- ##

This file was extended by hanoi config.status 0.1, which was
generated by GNU Autoconf 2.71.  Invocation command line was

  CONFIG_FILES    = 
  CONFIG_HEADERS  = 
  CONFIG_LINKS    = 
  CONFIG_COMMANDS = 
  $ ./config.status Makefile depfiles

on milaptop

config.status:839: creating Makefile
config.status:1053: executing depfiles commands
config.status:1130: cd .       && sed -e '/# am--include-marker/d' Makefile         | make -f - am--depfiles
make[1]: Entering directory '/home/emanuel/Documents/linear_struct/hanoi/build'
make[1]: Nothing to be done for 'am--depfiles'.
make[1]: Leaving directory '/home/emanuel/Documents/linear_struct/hanoi/build'
config.status:1135: $? = 0

## ---------------------- ##
## Running config.status. ##
## ---------------------- ##

This file was extended by hanoi config.status 0.1, which was
generated by GNU Autoconf 2.71.  Invocation command line was

  CONFIG_FILES    = 
  CONFIG_HEADERS  = 
  CONFIG_LINKS    = 
  CONFIG_COMMANDS = 
  $ ./config.status Makefile depfiles

on milaptop

config.status:839: creating Makefile
config.status:1053: executing depfiles commands
config.status:1130: cd .       && sed -e '/# am--include-marker/d' Makefile         | make -f - am--depfiles
make[1]: Entering directory '/home/emanuel/Documents/linear_struct/hanoi/build'
make[1]: Nothing to be done for 'am--depfiles'.
make[1]: Leaving directory '/home/emanuel/Documents/linear_struct/hanoi/build'
config.status:1135: $? = 0

## ---------------------- ##
## Running config.status. ##
## ---------------------- ##

This file was extended by hanoi config.status 0.1, which was
generated by GNU Autoconf 2.71.  Invocation command line was

  CONFIG_FILES    = 
  CONFIG_HEADERS  = 
  CONFIG_LINKS    = 
  CONFIG_COMMANDS = 
  $ ./config.status Makefile depfiles

on milaptop

config.status:839: creating Makefile
config.status:1053: executing depfiles commands
config.status:1130: cd .       && sed -e '/# am--include-marker/d' Makefile         | make -f - am--depfiles
make[1]: Entering directory '/home/emanuel/Documents/linear_struct/hanoi/build'
make[1]: Nothing to be done for 'am--depfiles'.
make[1]: Leaving directory '/home/emanuel/Documents/linear_struct/hanoi/build'
config.status:1135: $? = 0

## ---------------------- ##
## Running config.status. ##
## ---------------------- ##

This file was extended by hanoi config.status 0.1, which was
generated by GNU Autoconf 2.71.  Invocation command line was

  CONFIG_FILES    = 
  CONFIG_HEADERS  = 
  CONFIG_LINKS    = 
  CONFIG_COMMANDS = 
  $ ./config.status Makefile depfiles

on milaptop

config.status:839: creating Makefile
config.status:1053: executing depfiles commands
config.status:1130: cd .       && sed -e '/# am--include-marker/d' Makefile         | make -f - am--depfiles
make[1]: Entering directory '/home/emanuel/Documents/linear_struct/hanoi/build'
make[1]: Leaving directory '/home/emanuel/Documents/linear_struct/hanoi/build'
config.status:1135: $? = 0

## ---------------------- ##
## Running config.status. ##
## ---------------------- ##

This file was extended by hanoi config.status 0.1, which was
generated by GNU Autoconf 2.71.  Invocation command line was

  CONFIG_FILES    = 
  CONFIG_HEADERS  = 
  CONFIG_LINKS    = 
  CONFIG_COMMANDS = 
  $ ./config.status Makefile depfiles

on milaptop

config.status:839: creating Makefile
config.status:1053: executing depfiles commands
config.status:1130: cd .       && sed -e '/# am--include-marker/d' Makefile         | make -f - am--depfiles
make[1]: Entering directory '/home/emanuel/Documents/linear_struct/hanoi/build'
make[1]: Leaving directory '/home/emanuel/Documents/linear_struct/hanoi/build'
config.status:1135: $? = 0
